[debug] [2022-08-10T11:17:10.012Z] ----------------------------------------------------------------------
[debug] [2022-08-10T11:17:10.015Z] Command:       C:\Program Files\nodejs\node.exe C:\Users\dsrin\AppData\Roaming\npm\node_modules\firebase-tools\lib\bin\firebase.js init
[debug] [2022-08-10T11:17:10.016Z] CLI Version:   11.5.0
[debug] [2022-08-10T11:17:10.016Z] Platform:      win32
[debug] [2022-08-10T11:17:10.016Z] Node Version:  v16.16.0
[debug] [2022-08-10T11:17:10.018Z] Time:          Wed Aug 10 2022 16:47:10 GMT+0530 (India Standard Time)
[debug] [2022-08-10T11:17:10.018Z] ----------------------------------------------------------------------
[debug] 
[debug] [2022-08-10T11:17:10.029Z] > command requires scopes: ["email","openid","https://www.googleapis.com/auth/cloudplatformprojects.readonly","https://www.googleapis.com/auth/firebase","https://www.googleapis.com/auth/cloud-platform"]
[debug] [2022-08-10T11:17:10.030Z] > authorizing via signed-in user (dsrinivaskarthik@gmail.com)
[info] 
     ######## #### ########  ######## ########     ###     ######  ########
     ##        ##  ##     ## ##       ##     ##  ##   ##  ##       ##
     ######    ##  ########  ######   ########  #########  ######  ######
     ##        ##  ##    ##  ##       ##     ## ##     ##       ## ##
     ##       #### ##     ## ######## ########  ##     ##  ######  ########

You're about to initialize a Firebase project in this directory:

  D:\Project\vision

[info] 
=== Project Setup
[info] 
[info] First, let's associate this project directory with a Firebase project.
[info] You can create multiple project aliases by running firebase use --add, 
[info] but for now we'll just set up a default project.
[info] 
[debug] [2022-08-10T11:17:39.606Z] > refreshing access token with scopes: []
[debug] [2022-08-10T11:17:39.608Z] >>> [apiv2][query] POST https://www.googleapis.com/oauth2/v3/token [none]
[debug] [2022-08-10T11:17:39.608Z] >>> [apiv2][body] POST https://www.googleapis.com/oauth2/v3/token [omitted]
[debug] [2022-08-10T11:17:39.976Z] <<< [apiv2][status] POST https://www.googleapis.com/oauth2/v3/token 200
[debug] [2022-08-10T11:17:39.976Z] <<< [apiv2][body] POST https://www.googleapis.com/oauth2/v3/token [omitted]
[debug] [2022-08-10T11:17:40.069Z] >>> [apiv2][query] GET https://firebase.googleapis.com/v1beta1/projects pageSize=100
[debug] [2022-08-10T11:17:41.318Z] <<< [apiv2][status] GET https://firebase.googleapis.com/v1beta1/projects 200
[debug] [2022-08-10T11:17:41.319Z] <<< [apiv2][body] GET https://firebase.googleapis.com/v1beta1/projects [omitted]
[info] i  Using project visionbycc (VisionbyCC) 
[info] 
=== Database Setup
[info] i  database: ensuring required API firebasedatabase.googleapis.com is enabled... 
[debug] [2022-08-10T11:17:52.462Z] >>> [apiv2][query] GET https://serviceusage.googleapis.com/v1/projects/visionbycc/services/firebasedatabase.googleapis.com [none]
[debug] [2022-08-10T11:17:54.446Z] <<< [apiv2][status] GET https://serviceusage.googleapis.com/v1/projects/visionbycc/services/firebasedatabase.googleapis.com 200
[debug] [2022-08-10T11:17:54.446Z] <<< [apiv2][body] GET https://serviceusage.googleapis.com/v1/projects/visionbycc/services/firebasedatabase.googleapis.com [omitted]
[warn] !  database: missing required API firebasedatabase.googleapis.com. Enabling now... 
[debug] [2022-08-10T11:17:54.447Z] >>> [apiv2][query] POST https://serviceusage.googleapis.com/v1/projects/visionbycc/services/firebasedatabase.googleapis.com:enable [none]
[debug] [2022-08-10T11:17:56.497Z] <<< [apiv2][status] POST https://serviceusage.googleapis.com/v1/projects/visionbycc/services/firebasedatabase.googleapis.com:enable 200
[debug] [2022-08-10T11:17:56.497Z] <<< [apiv2][body] POST https://serviceusage.googleapis.com/v1/projects/visionbycc/services/firebasedatabase.googleapis.com:enable [omitted]
[debug] [2022-08-10T11:18:06.498Z] >>> [apiv2][query] GET https://serviceusage.googleapis.com/v1/projects/visionbycc/services/firebasedatabase.googleapis.com [none]
[debug] [2022-08-10T11:18:08.223Z] <<< [apiv2][status] GET https://serviceusage.googleapis.com/v1/projects/visionbycc/services/firebasedatabase.googleapis.com 200
[debug] [2022-08-10T11:18:08.223Z] <<< [apiv2][body] GET https://serviceusage.googleapis.com/v1/projects/visionbycc/services/firebasedatabase.googleapis.com [omitted]
[info] +  database: required API firebasedatabase.googleapis.com is enabled 
[info] 
[debug] [2022-08-10T11:18:08.228Z] >>> [apiv2][query] GET https://firebase.googleapis.com/v1beta1/projects/visionbycc [none]
[debug] [2022-08-10T11:18:08.910Z] <<< [apiv2][status] GET https://firebase.googleapis.com/v1beta1/projects/visionbycc 200
[debug] [2022-08-10T11:18:08.910Z] <<< [apiv2][body] GET https://firebase.googleapis.com/v1beta1/projects/visionbycc {"projectId":"visionbycc","projectNumber":"628381976461","displayName":"VisionbyCC","name":"projects/visionbycc","resources":{"hostingSite":"visionbycc"},"state":"ACTIVE","etag":"1_f9d65d45-f62f-42c5-b31b-e287e8a9ac87"}
[debug] [2022-08-10T11:18:48.322Z] >>> [apiv2][query] POST https://firebasedatabase.googleapis.com/v1beta/projects/visionbycc/locations/asia-southeast1/instances databaseId=visionbycc-default-rtdb&validateOnly=true
[debug] [2022-08-10T11:18:48.323Z] >>> [apiv2][body] POST https://firebasedatabase.googleapis.com/v1beta/projects/visionbycc/locations/asia-southeast1/instances {"type":"default_database"}
[debug] [2022-08-10T11:18:49.569Z] <<< [apiv2][status] POST https://firebasedatabase.googleapis.com/v1beta/projects/visionbycc/locations/asia-southeast1/instances 200
[debug] [2022-08-10T11:18:49.569Z] <<< [apiv2][body] POST https://firebasedatabase.googleapis.com/v1beta/projects/visionbycc/locations/asia-southeast1/instances {"name":"projects/628381976461/locations/asia-southeast1/instances/visionbycc-default-rtdb","project":"projects/628381976461","databaseUrl":"https://visionbycc-default-rtdb.asia-southeast1.firebasedatabase.app","type":"DEFAULT_DATABASE","state":"ACTIVE"}
[debug] [2022-08-10T11:18:49.571Z] >>> [apiv2][query] POST https://firebasedatabase.googleapis.com/v1beta/projects/visionbycc/locations/asia-southeast1/instances databaseId=visionbycc-default-rtdb
[debug] [2022-08-10T11:18:49.571Z] >>> [apiv2][body] POST https://firebasedatabase.googleapis.com/v1beta/projects/visionbycc/locations/asia-southeast1/instances {"type":"default_database"}
[debug] [2022-08-10T11:18:50.650Z] <<< [apiv2][status] POST https://firebasedatabase.googleapis.com/v1beta/projects/visionbycc/locations/asia-southeast1/instances 200
[debug] [2022-08-10T11:18:50.651Z] <<< [apiv2][body] POST https://firebasedatabase.googleapis.com/v1beta/projects/visionbycc/locations/asia-southeast1/instances {"name":"projects/628381976461/locations/asia-southeast1/instances/visionbycc-default-rtdb","project":"projects/628381976461","databaseUrl":"https://visionbycc-default-rtdb.asia-southeast1.firebasedatabase.app","type":"DEFAULT_DATABASE","state":"ACTIVE"}
[info] 
[info] Firebase Realtime Database Security Rules allow you to define how your data should be
[info] structured and when your data can be read from and written to.
[info] 
[debug] [2022-08-10T11:19:02.406Z] >>> [apiv2][query] GET https://visionbycc-default-rtdb.asia-southeast1.firebasedatabase.app/.settings/rules.json [none]
[debug] [2022-08-10T11:19:04.190Z] <<< [apiv2][status] GET https://visionbycc-default-rtdb.asia-southeast1.firebasedatabase.app/.settings/rules.json 200
[debug] [2022-08-10T11:19:04.190Z] <<< [apiv2][body] GET https://visionbycc-default-rtdb.asia-southeast1.firebasedatabase.app/.settings/rules.json [stream]
[info] +  Database Rules for visionbycc-default-rtdb have been written to database.rules.json. 
[info] Future modifications to database.rules.json will update Realtime Database Security Rules when you run
[info] firebase deploy.
[info] 
=== Functions Setup
[info] 
[info] A functions directory will be created in your project with sample code
[info] pre-configured. Functions can be deployed with firebase deploy.
[info] 
[debug] [2022-08-10T11:19:04.196Z] > command requires scopes: ["email","openid","https://www.googleapis.com/auth/cloudplatformprojects.readonly","https://www.googleapis.com/auth/firebase","https://www.googleapis.com/auth/cloud-platform"]
[debug] [2022-08-10T11:19:04.197Z] > authorizing via signed-in user (dsrinivaskarthik@gmail.com)
[debug] [2022-08-10T11:19:04.197Z] [iam] checking project visionbycc for permissions ["firebase.projects.get"]
[debug] [2022-08-10T11:19:04.197Z] >>> [apiv2][query] POST https://cloudresourcemanager.googleapis.com/v1/projects/visionbycc:testIamPermissions [none]
[debug] [2022-08-10T11:19:04.197Z] >>> [apiv2][(partial)header] POST https://cloudresourcemanager.googleapis.com/v1/projects/visionbycc:testIamPermissions x-goog-quota-user=projects/visionbycc
[debug] [2022-08-10T11:19:04.197Z] >>> [apiv2][body] POST https://cloudresourcemanager.googleapis.com/v1/projects/visionbycc:testIamPermissions {"permissions":["firebase.projects.get"]}
[debug] [2022-08-10T11:19:05.792Z] <<< [apiv2][status] POST https://cloudresourcemanager.googleapis.com/v1/projects/visionbycc:testIamPermissions 200
[debug] [2022-08-10T11:19:05.792Z] <<< [apiv2][body] POST https://cloudresourcemanager.googleapis.com/v1/projects/visionbycc:testIamPermissions {"permissions":["firebase.projects.get"]}
[debug] [2022-08-10T11:19:05.792Z] >>> [apiv2][query] GET https://serviceusage.googleapis.com/v1/projects/visionbycc/services/cloudfunctions.googleapis.com [none]
[debug] [2022-08-10T11:19:05.793Z] >>> [apiv2][query] GET https://serviceusage.googleapis.com/v1/projects/visionbycc/services/runtimeconfig.googleapis.com [none]
[debug] [2022-08-10T11:19:07.590Z] <<< [apiv2][status] GET https://serviceusage.googleapis.com/v1/projects/visionbycc/services/cloudfunctions.googleapis.com 200
[debug] [2022-08-10T11:19:07.590Z] <<< [apiv2][body] GET https://serviceusage.googleapis.com/v1/projects/visionbycc/services/cloudfunctions.googleapis.com [omitted]
[debug] [2022-08-10T11:19:07.590Z] >>> [apiv2][query] POST https://serviceusage.googleapis.com/v1/projects/visionbycc/services/cloudfunctions.googleapis.com:enable [none]
[debug] [2022-08-10T11:19:07.592Z] <<< [apiv2][status] GET https://serviceusage.googleapis.com/v1/projects/visionbycc/services/runtimeconfig.googleapis.com 200
[debug] [2022-08-10T11:19:07.592Z] <<< [apiv2][body] GET https://serviceusage.googleapis.com/v1/projects/visionbycc/services/runtimeconfig.googleapis.com [omitted]
[debug] [2022-08-10T11:19:09.693Z] <<< [apiv2][status] POST https://serviceusage.googleapis.com/v1/projects/visionbycc/services/cloudfunctions.googleapis.com:enable 200
[debug] [2022-08-10T11:19:09.693Z] <<< [apiv2][body] POST https://serviceusage.googleapis.com/v1/projects/visionbycc/services/cloudfunctions.googleapis.com:enable [omitted]
[debug] [2022-08-10T11:19:19.707Z] >>> [apiv2][query] GET https://serviceusage.googleapis.com/v1/projects/visionbycc/services/cloudfunctions.googleapis.com [none]
[debug] [2022-08-10T11:19:21.465Z] <<< [apiv2][status] GET https://serviceusage.googleapis.com/v1/projects/visionbycc/services/cloudfunctions.googleapis.com 200
[debug] [2022-08-10T11:19:21.465Z] <<< [apiv2][body] GET https://serviceusage.googleapis.com/v1/projects/visionbycc/services/cloudfunctions.googleapis.com [omitted]
[info] +  Wrote functions/package.json 
[info] +  Wrote functions/index.js 
[info] +  Wrote functions/.gitignore 
[info] 
=== Hosting Setup
[info] 
[info] Your public directory is the folder (relative to your project directory) that
[info] will contain Hosting assets to be uploaded with firebase deploy. If you
[info] have a build process for your assets, use your build's output directory.
[info] 
[info] +  Wrote public/404.html 
[debug] [2022-08-10T11:22:39.718Z] >>> [apiv2][query] GET https://www.gstatic.com/firebasejs/releases.json [none]
[debug] [2022-08-10T11:22:39.926Z] <<< [apiv2][status] GET https://www.gstatic.com/firebasejs/releases.json 200
[debug] [2022-08-10T11:22:39.926Z] <<< [apiv2][body] GET https://www.gstatic.com/firebasejs/releases.json {"current":{"version":"9.9.2","browserURL":"https://www.gstatic.com/firebasejs/9.9.2/firebase.js","packageURL":"https://www.gstatic.com/firebasejs/9.9.2/firebase.tgz"},"live":{"version":"9.9","browserURL":"https://www.gstatic.com/firebasejs/live/9.9/firebase.js","packageURL":"https://www.gstatic.com/firebasejs/live/9.9/firebase.tgz"},"components":{"analytics":"https://www.gstatic.com/firebasejs/9.9.2/firebase-analytics.js","app":"https://www.gstatic.com/firebasejs/9.9.2/firebase-app.js","app-check":"https://www.gstatic.com/firebasejs/9.9.2/firebase-app-check.js","auth":"https://www.gstatic.com/firebasejs/9.9.2/firebase-auth.js","auth/cordova":"https://www.gstatic.com/firebasejs/9.9.2/firebase-auth/cordova.js","auth/react-native":"https://www.gstatic.com/firebasejs/9.9.2/firebase-auth/react-native.js","functions":"https://www.gstatic.com/firebasejs/9.9.2/firebase-functions.js","firestore":"https://www.gstatic.com/firebasejs/9.9.2/firebase-firestore.js","firestore/lite":"https://www.gstatic.com/firebasejs/9.9.2/firebase-firestore/lite.js","installations":"https://www.gstatic.com/firebasejs/9.9.2/firebase-installations.js","storage":"https://www.gstatic.com/firebasejs/9.9.2/firebase-storage.js","performance":"https://www.gstatic.com/firebasejs/9.9.2/firebase-performance.js","remote-config":"https://www.gstatic.com/firebasejs/9.9.2/firebase-remote-config.js","messaging":"https://www.gstatic.com/firebasejs/9.9.2/firebase-messaging.js","messaging/sw":"https://www.gstatic.com/firebasejs/9.9.2/firebase-messaging/sw.js","database":"https://www.gstatic.com/firebasejs/9.9.2/firebase-database.js","firestore.memory":"https://www.gstatic.com/firebasejs/9.9.2/firebase-firestore.memory.js"}}
[info] +  Wrote public/index.html 
[info] 
[info] i  Writing configuration info to firebase.json... 
[info] i  Writing project information to .firebaserc... 
[info] i  Writing gitignore file to .gitignore... 
[info] 
[info] +  Firebase initialization complete! 
